 * Task [Fix a problem of project resources linked to items] : Nothing to do
 * Task [AutoUpdateRelationsMigrationTask] : Applied successfully
 ---=== End of migration ===---
 * Task [Fix a problem of project resources linked to items] : Nothing to do
 * Task [NewJMSComponentMigrationTask] : Nothing to do
 * Task [AggregateStrategyMigrationTask] : Nothing to do
 * Task [RestRequestWrongCallMigrationTask] : Applied successfully
 * Task [UpdateCJMSProjectTask] : Nothing to do
 * Task [UpdatecJMSMigrationTask] : Nothing to do
 * Task [cSetHeaderSupportMultiHeadersTask] : Nothing to do
 * Task [cBeanCTalendJobMigrationTask] : Nothing to do
 * Task [AddPropagateHeaderTocTalendJobMigrationTask] : Nothing to do
 * Task [DisconnectErroHandlerMigrationTask] : Nothing to do
 * Task [UpdateCXFDataFormatMigrationTask] : Nothing to do
 * Task [FinalVersionUpgradeMigrationTask] : Nothing to do
 * Task [AddSpringConfigurationMigrationTask] : Nothing to do
 * Task [ConsumesTypeMigrationTask] : Nothing to do
 * Task [FormContentTypeMigrationTask] : Applied successfully
 * Task [cLogLoggingCategoryMigrationTask] : Nothing to do
 * Task [Rename_cJMSConnectionFactory_To_cMQConnectionFactory_MigrationTask] : Nothing to do
 * Task [UnifyPasswordEncryption4ParametersInRouteMigrationTask] : Nothing to do
 * Task [AddSpringConfigurationPropertyMigrationTask] : Nothing to do
 * Task [UpdatecSOAPServiceNamePortNameDefault] : Nothing to do
 * Task [RemoveRouteComponentId] : Nothing to do
 * Task [UpdateRouteResourceTypeMigrationTask] : Nothing to do
 * Task [RouteletProcessTypeMigrationTask] : Nothing to do
 * Task [RenameToCSoapAndCRestMigrationTask] : Nothing to do
 * Task [cCXFWsdlFileRepoMigrationTask] : Nothing to do
 * Task [AutoUpdateRelationsMigrationTask] : Applied successfully
 ---=== End of migration ===---
 ---=== Start Migration of project NK_TIC ===---
 * Task [Update MDM View Objects] : Applied successfully
 * Task [Update MDM Process Objects] : Applied successfully
 * Task [Remove MDM Reference Item Name] : Nothing to do
 * Task [Update Operator MigrationTask] : Applied successfully
 * Task [Fix a problem of project resources linked to items] : Nothing to do
 * Task [UnifyPasswordEncryption4MDMServerDefMigrationTask] : Nothing to do
 * Task [AutoUpdateRelationsMigrationTask] : Applied successfully
 ---=== End of migration ===---
